\BOOKMARK [1][-]{section.1}{Introduction}{}% 1
\BOOKMARK [2][-]{subsection.1.1}{Personal experience on feedback in higher education}{section.1}% 2
\BOOKMARK [2][-]{subsection.1.2}{Online education}{section.1}% 3
\BOOKMARK [2][-]{subsection.1.3}{Report structure}{section.1}% 4
\BOOKMARK [1][-]{section.2}{Background}{}% 5
\BOOKMARK [2][-]{subsection.2.1}{Data Mining}{section.2}% 6
\BOOKMARK [2][-]{subsection.2.2}{Data preparation}{section.2}% 7
\BOOKMARK [2][-]{subsection.2.3}{Eduational Data Mining}{section.2}% 8
\BOOKMARK [2][-]{subsection.2.4}{Analysis of user activity in social networks}{section.2}% 9
\BOOKMARK [2][-]{subsection.2.5}{Analysis of student behaviour in educational systems}{section.2}% 10
\BOOKMARK [2][-]{subsection.2.6}{Prediction of student performance in online discussion systems}{section.2}% 11
\BOOKMARK [1][-]{section.3}{Data and databases}{}% 12
\BOOKMARK [2][-]{subsection.3.1}{Music Circle}{section.3}% 13
\BOOKMARK [2][-]{subsection.3.2}{MongoDB}{section.3}% 14
\BOOKMARK [2][-]{subsection.3.3}{Databases}{section.3}% 15
\BOOKMARK [2][-]{subsection.3.4}{Coursera}{section.3}% 16
\BOOKMARK [2][-]{subsection.3.5}{Music Circle database}{section.3}% 17
\BOOKMARK [2][-]{subsection.3.6}{Research database}{section.3}% 18
\BOOKMARK [3][-]{subsubsection.3.6.1}{Scaling of distributed systems}{subsection.3.6}% 19
\BOOKMARK [1][-]{section.4}{High level data analysis}{}% 20
\BOOKMARK [2][-]{subsection.4.1}{Aim}{section.4}% 21
\BOOKMARK [2][-]{subsection.4.2}{Methods}{section.4}% 22
\BOOKMARK [2][-]{subsection.4.3}{Conclusion}{section.4}% 23
\BOOKMARK [1][-]{section.5}{Exploratory data analysis}{}% 24
\BOOKMARK [2][-]{subsection.5.1}{Aim}{section.5}% 25
\BOOKMARK [2][-]{subsection.5.2}{Difference on feedback activity between users}{section.5}% 26
\BOOKMARK [2][-]{subsection.5.3}{K-Nearest neighbour classification}{section.5}% 27
\BOOKMARK [2][-]{subsection.5.4}{In-depth analysis of feedback activity}{section.5}% 28
\BOOKMARK [2][-]{subsection.5.5}{Conclusion}{section.5}% 29
\BOOKMARK [1][-]{section.6}{Self-reflection}{}% 30
\BOOKMARK [2][-]{subsection.6.1}{Future Work}{section.6}% 31
\BOOKMARK [1][-]{appendix.A}{Code}{}% 32
\BOOKMARK [2][-]{subsection.A.1}{Build the research database \(by Chris Kiefer\)}{appendix.A}% 33
\BOOKMARK [2][-]{subsection.A.2}{Build the research database}{appendix.A}% 34
\BOOKMARK [2][-]{subsection.A.3}{Build the research database}{appendix.A}% 35
\BOOKMARK [2][-]{subsection.A.4}{Build the research database}{appendix.A}% 36
\BOOKMARK [2][-]{subsection.A.5}{Build the research database}{appendix.A}% 37
\BOOKMARK [2][-]{subsection.A.6}{Plot activities per day}{appendix.A}% 38
\BOOKMARK [2][-]{subsection.A.7}{Remove duplicates from activities array}{appendix.A}% 39
\BOOKMARK [2][-]{subsection.A.8}{Histogram of the feature vectors for all users}{appendix.A}% 40
\BOOKMARK [2][-]{subsection.A.9}{Build feature vectors}{appendix.A}% 41
\BOOKMARK [2][-]{subsection.A.10}{Build the distance matrix}{appendix.A}% 42
\BOOKMARK [2][-]{subsection.A.11}{Build a heat plot of the distance matrix}{appendix.A}% 43
\BOOKMARK [2][-]{subsection.A.12}{Add total number of activities and uploads for each user}{appendix.A}% 44
\BOOKMARK [2][-]{subsection.A.13}{Import sessions for each user}{appendix.A}% 45
\BOOKMARK [2][-]{subsection.A.14}{Build the feature vectors}{appendix.A}% 46
\BOOKMARK [2][-]{subsection.A.15}{Link between Research and Coursera databases}{appendix.A}% 47
\BOOKMARK [2][-]{subsection.A.16}{Generate plots that compare general activity to grades achieved}{appendix.A}% 48
\BOOKMARK [2][-]{subsection.A.17}{Train and classify students with KNN}{appendix.A}% 49
\BOOKMARK [2][-]{subsection.A.18}{Clustering the feature vectors}{appendix.A}% 50
\BOOKMARK [2][-]{subsection.A.19}{Comparison of two clusters}{appendix.A}% 51
\BOOKMARK [2][-]{subsection.A.20}{Comparison of two clusters}{appendix.A}% 52
\BOOKMARK [1][-]{appendix.B}{Project proposal}{}% 53
\BOOKMARK [1][-]{appendix.C}{Project preliminary report}{}% 54
\BOOKMARK [1][-]{appendix.D}{Weekly logs}{}% 55
\BOOKMARK [2][-]{subsection.D.1}{19 January - 23 January}{appendix.D}% 56
\BOOKMARK [2][-]{subsection.D.2}{2 February - 8 February}{appendix.D}% 57
\BOOKMARK [2][-]{subsection.D.3}{9 February - 15 February}{appendix.D}% 58
\BOOKMARK [2][-]{subsection.D.4}{16 February - 22 February}{appendix.D}% 59
\BOOKMARK [2][-]{subsection.D.5}{23 February - 1 March}{appendix.D}% 60
\BOOKMARK [2][-]{subsection.D.6}{2 March - 8 March}{appendix.D}% 61
\BOOKMARK [2][-]{subsection.D.7}{16 March - 22 March}{appendix.D}% 62
\BOOKMARK [2][-]{subsection.D.8}{23 March - 29 March}{appendix.D}% 63
\BOOKMARK [2][-]{subsection.D.9}{30 March - 12 April}{appendix.D}% 64
\BOOKMARK [2][-]{subsection.D.10}{12 April - 26 April}{appendix.D}% 65
